FirstCall()
Initized HOOKS!
Identifying DF version.
Loading hack\symbols.xml ... OK
Dummy symbol table entry: timed_events
Dummy symbol table entry: cur_season
Dummy symbol table entry: cur_season_tick
Dummy symbol table entry: cur_season
Dummy symbol table entry: cur_season_tick
Dummy symbol table entry: cur_season
Dummy symbol table entry: cur_season_tick
Dummy symbol table entry: cur_season
Dummy symbol table entry: cur_season_tick
Dummy symbol table entry: cur_season
Dummy symbol table entry: cur_season_tick
Dummy symbol table entry: cur_season
Dummy symbol table entry: cur_season_tick
Dummy symbol table entry: ui_menu_width
Dummy symbol table entry: ui_area_map_width
Dummy symbol table entry: cursor_unit_list
Dummy symbol table entry: d_init
Dummy symbol table entry: enabler
Dummy symbol table entry: init
Dummy symbol table entry: timed_events
Dummy symbol table entry: ui_advmode
Dummy symbol table entry: ui_build_selector
Dummy symbol table entry: ui_building_assign_type
Dummy symbol table entry: ui_building_assign_is_marked
Dummy symbol table entry: ui_building_assign_units
Dummy symbol table entry: ui_building_assign_items
Dummy symbol table entry: ui_look_list
Dummy symbol table entry: ui_sidebar_menus
Dummy symbol table entry: cur_season
Dummy symbol table entry: cur_season_tick
Dummy symbol table entry: current_weather
Dummy symbol table entry: pause_state
Dummy symbol table entry: process_dig
Dummy symbol table entry: process_jobs
Dummy symbol table entry: ui_building_in_assign
Dummy symbol table entry: ui_building_in_resize
Dummy symbol table entry: ui_building_item_cursor
Dummy symbol table entry: ui_look_cursor
Dummy symbol table entry: ui_selected_unit
Dummy symbol table entry: ui_unit_view_mode
Dummy symbol table entry: ui_workshop_in_add
Dummy symbol table entry: ui_workshop_job_cursor
Dummy symbol table entry: window_x
Dummy symbol table entry: window_y
Dummy symbol table entry: window_z
Dummy symbol table entry: building_next_id
Dummy symbol table entry: job_next_id
Loaded 10 DF symbol tables.
Version: v0.34.11 SDL
Initializing Console.
Console is running.
Initializing Plugins.
d_init: 232
world: 1670492 ui: 31024 b_stock: 1632
Starting IO thread.
Starting DF input capture thread.
Starting the TCP listener.
Invoking: keybinding add Ctrl-W twaterlvl
Invoking: keybinding add Ctrl-V digv
Invoking: keybinding add Ctrl-Shift-V "digv x"
Invoking: keybinding add Ctrl-C spotclean
Invoking: keybinding add Ctrl-Shift-K autodump-destroy-here
Invoking: keybinding add Ctrl-K autodump-destroy-item
Invoking: keybinding add Ctrl-Alt-S@dwarfmode/Default quicksave
Invoking: keybinding add Ctrl-Shift-N gui/rename
Invoking: keybinding add Ctrl-Shift-T "gui/rename unit-profession"
Invoking: keybinding add Ctrl-B adv-bodyswap
Invoking: keybinding add Ctrl-Shift-B "adv-bodyswap force"
Invoking: keybinding add Ctrl-Shift-Z@dwarfmode/Default "stocks show"
Invoking: keybinding add Ctrl-W@dwarfmode/QueryBuilding/Some "gui/workflow"
Invoking: keybinding add Ctrl-I "gui/workflow status"
Invoking: keybinding add Alt-P copystock
Invoking: keybinding add Ctrl-D job-duplicate
Invoking: keybinding add Alt-Shift-N "sort-units name" "sort-items description"
Invoking: keybinding add Alt-Shift-R "sort-units arrival"
Invoking: keybinding add Alt-Shift-T "sort-units profession" "sort-items type material"
Invoking: keybinding add Alt-Shift-Q "sort-units squad_position" "sort-items quality"
Invoking: keybinding add Ctrl-M@dwarfmode/QueryBuilding/Some gui/mechanisms
Invoking: keybinding add Alt-R@dwarfmode/QueryBuilding/Some gui/room-list
Invoking: keybinding add Alt-L@dwarfmode/LookAround gui/liquids
Invoking: keybinding add Ctrl-Shift-M@dwarfmode/Build/Position/Trap gui/power-meter
Invoking: keybinding add Alt-A@dwarfmode/QueryBuilding/Some/SiegeEngine gui/siege-engine
Invoking: keybinding add Ctrl-W@layer_military/Equip/Customize/View gui/choose-weapons
Invoking: keybinding add Alt-P@dwarfmode/Hauling/DefineStop/Cond/Guide gui/guide-path
Invoking: keybinding add Alt-A@dwarfmode/QueryBuilding/Some/Workshop/Job gui/workshop-job
Invoking: keybinding add Alt-W@dwarfmode/QueryBuilding/Some/Workshop/Job gui/workflow
Invoking: keybinding add Alt-W@overallstatus "gui/workflow status"
Invoking: keybinding add Shift-B@pet/List/Unit "gui/autobutcher"
DFHack is running.
Invoking: keybinding add P@dwarfmode/QueryBuilding/Some/Weaponrack gui/assign-rack
Invoking: tweak stable-cursor
Invoking: tweak patrol-duty
Invoking: tweak readable-build-plate
Invoking: tweak stable-temp
Invoking: tweak fast-heat 500
Invoking: tweak fix-dimensions
Invoking: tweak advmode-contained
Invoking: tweak fast-trade
Invoking: tweak military-stable-assign
Invoking: tweak military-color-assigned
Invoking: tweak military-training
Invoking: tweak hive-crash
Invoking: enable manipulator
Invoking: enable search
Invoking: enable automaterial
Invoking: enable dwarfmonitor mousequery autotrade buildingplan resume zone
Invoking: soundsense-season
Invoking: fix/cloth-stockpile enable
Invoking: fix/growthbug enable
Invoking: binpatch apply deconstruct-teleport
Invoking: binpatch apply deconstruct-heapfall
Invoking: binpatch apply hospital-overstocking
Invoking: binpatch apply custom-reagent-size
Invoking: binpatch apply training-ammo
Invoking: binpatch apply weaponrack-unassign
Invoking: binpatch apply armorstand-capacity
Invoking: cls
